<?xml version="1.0" encoding="UTF-8"?>
<!-- Generated by org.testng.reporters.JUnitXMLReporter -->
<testsuite ignored="0" hostname="DESKTOP-AGDRQC9" failures="0" tests="5" name="screfix" time="397.394" errors="0" timestamp="2023-11-27T23:02:38 GMT">
  <testcase classname="testCases.TC_003_Login_DataDriven" name="test_TestDriven" time="22.274"/>
  <testcase classname="testCases.TC_003_Login_DataDriven" name="test_TestDriven" time="185.36"/>
  <testcase classname="testCases.TC_003_Login_DataDriven" name="test_TestDriven" time="0.0">
    <skipped/>
  </testcase> <!-- test_TestDriven -->
  <testcase classname="testCases.TC_003_Login_DataDriven" name="test_TestDriven" time="0.0">
    <skipped/>
  </testcase> <!-- test_TestDriven -->
  <testcase classname="testCases.TC_003_Login_DataDriven" name="test_TestDriven" time="0.0">
    <skipped/>
  </testcase> <!-- test_TestDriven -->
</testsuite> <!-- screfix -->
